[debug] [2024-03-04T10:47:55.146Z] ----------------------------------------------------------------------
[debug] [2024-03-04T10:47:55.149Z] Command:       C:\Program Files\nodejs\node.exe C:\Users\ahadan\AppData\Roaming\npm\node_modules\firebase-tools\lib\bin\firebase.js init hosting
[debug] [2024-03-04T10:47:55.150Z] CLI Version:   13.4.0
[debug] [2024-03-04T10:47:55.150Z] Platform:      win32
[debug] [2024-03-04T10:47:55.150Z] Node Version:  v21.6.1
[debug] [2024-03-04T10:47:55.150Z] Time:          Mon Mar 04 2024 17:47:55 GMT+0700 (Western Indonesia Time)
[debug] [2024-03-04T10:47:55.151Z] ----------------------------------------------------------------------
[debug] 
[debug] [2024-03-04T10:47:55.238Z] > command requires scopes: ["email","openid","https://www.googleapis.com/auth/cloudplatformprojects.readonly","https://www.googleapis.com/auth/firebase","https://www.googleapis.com/auth/cloud-platform"]
[debug] [2024-03-04T10:47:55.242Z] > authorizing via signed-in user (ahadanfauzan123@gmail.com)
[info] 
     ######## #### ########  ######## ########     ###     ######  ########
     ##        ##  ##     ## ##       ##     ##  ##   ##  ##       ##
     ######    ##  ########  ######   ########  #########  ######  ######
     ##        ##  ##    ##  ##       ##     ## ##     ##       ## ##
     ##       #### ##     ## ######## ########  ##     ##  ######  ########

You're about to initialize a Firebase project in this directory:

  C:\xamppnew\htdocs\nextjs\perpenka

Before we get started, keep in mind:

  * You are currently outside your home directory
  * You are initializing within an existing Firebase project directory

[info] 
=== Project Setup
[info] 
[info] First, let's associate this project directory with a Firebase project.
[info] You can create multiple project aliases by running firebase use --add, 
[info] but for now we'll just set up a default project.
[info] 
[debug] [2024-03-04T10:48:08.757Z] Using project from CLI flag: perpenka-eedff
[debug] [2024-03-04T10:48:08.762Z] >>> [apiv2][query] GET https://firebase.googleapis.com/v1beta1/projects/perpenka-eedff [none]
[debug] [2024-03-04T10:48:09.301Z] <<< [apiv2][status] GET https://firebase.googleapis.com/v1beta1/projects/perpenka-eedff 200
[debug] [2024-03-04T10:48:09.302Z] <<< [apiv2][body] GET https://firebase.googleapis.com/v1beta1/projects/perpenka-eedff {"projectId":"perpenka-eedff","projectNumber":"127313653293","displayName":"perpenka","name":"projects/perpenka-eedff","resources":{"hostingSite":"perpenka-eedff","storageBucket":"perpenka-eedff.appspot.com","locationId":"asia-southeast2"},"state":"ACTIVE","etag":"1_6ae7178e-8212-46b1-b279-0c3c4f14ef4e"}
[info] i  Using project perpenka-eedff (perpenka) 
[info] 
=== Hosting Setup
[debug] [2024-03-04T10:48:09.323Z] >>> [apiv2][query] GET https://firebase.googleapis.com/v1beta1/projects/perpenka-eedff [none]
[debug] [2024-03-04T10:48:09.666Z] <<< [apiv2][status] GET https://firebase.googleapis.com/v1beta1/projects/perpenka-eedff 200
[debug] [2024-03-04T10:48:09.666Z] <<< [apiv2][body] GET https://firebase.googleapis.com/v1beta1/projects/perpenka-eedff {"projectId":"perpenka-eedff","projectNumber":"127313653293","displayName":"perpenka","name":"projects/perpenka-eedff","resources":{"hostingSite":"perpenka-eedff","storageBucket":"perpenka-eedff.appspot.com","locationId":"asia-southeast2"},"state":"ACTIVE","etag":"1_6ae7178e-8212-46b1-b279-0c3c4f14ef4e"}
[info] 
[info] i  Detected a .git folder at C:\xamppnew\htdocs\nextjs\perpenka 
[info] i  Authorizing with GitHub to upload your service account to a GitHub repository's secrets store. 
[info] 
[info] Visit this URL on this device to log in:
[info] https://github.com/login/oauth/authorize?client_id=89cf50f02ac6aaed3484&state=608333851&redirect_uri=http%3A%2F%2Flocalhost%3A9005&scope=read%3Auser%20repo%20public_repo
[info] 
[info] Waiting for authentication...
[debug] [2024-03-04T10:50:04.525Z] >>> [apiv2][query] POST https://github.com/login/oauth/access_token [none]
[debug] [2024-03-04T10:50:04.525Z] >>> [apiv2][body] POST https://github.com/login/oauth/access_token [stream]
[debug] [2024-03-04T10:50:05.135Z] <<< [apiv2][status] POST https://github.com/login/oauth/access_token 200
[debug] [2024-03-04T10:50:05.136Z] <<< [apiv2][body] POST https://github.com/login/oauth/access_token {"access_token":"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","token_type":"bearer","scope":"read:user,repo"}
[debug] [2024-03-04T10:50:05.150Z] >>> [apiv2][query] GET https://api.github.com/user [none]
[debug] [2024-03-04T10:50:05.613Z] <<< [apiv2][status] GET https://api.github.com/user 200
[debug] [2024-03-04T10:50:05.613Z] <<< [apiv2][body] GET https://api.github.com/user {"login":"ahadanfauzan123","id":84467446,"node_id":"MDQ6VXNlcjg0NDY3NDQ2","avatar_url":"https://avatars.githubusercontent.com/u/84467446?v=4","gravatar_id":"","url":"https://api.github.com/users/ahadanfauzan123","html_url":"https://github.com/ahadanfauzan123","followers_url":"https://api.github.com/users/ahadanfauzan123/followers","following_url":"https://api.github.com/users/ahadanfauzan123/following{/other_user}","gists_url":"https://api.github.com/users/ahadanfauzan123/gists{/gist_id}","starred_url":"https://api.github.com/users/ahadanfauzan123/starred{/owner}{/repo}","subscriptions_url":"https://api.github.com/users/ahadanfauzan123/subscriptions","organizations_url":"https://api.github.com/users/ahadanfauzan123/orgs","repos_url":"https://api.github.com/users/ahadanfauzan123/repos","events_url":"https://api.github.com/users/ahadanfauzan123/events{/privacy}","received_events_url":"https://api.github.com/users/ahadanfauzan123/received_events","type":"User","site_admin":false,"name":"ahajelex","company":null,"blog":"","location":null,"email":null,"hireable":null,"bio":null,"twitter_username":null,"public_repos":28,"public_gists":0,"followers":6,"following":5,"created_at":"2021-05-19T16:50:13Z","updated_at":"2024-03-04T08:24:23Z","private_gists":0,"total_private_repos":6,"owned_private_repos":6,"disk_usage":168732,"collaborators":0,"two_factor_authentication":false,"plan":{"name":"free","space":976562499,"collaborators":0,"private_repos":10000}}
[info] 
[info] +  Success! Logged into GitHub as ahadanfauzan123 
[info] 
